2023-06-24T11:27:24.687 WARN (pid:252119) - Could not find lombok.jar path.
2023-06-24T11:27:24.705 INFO (pid:252119) - Starting Java server with: /usr/lib/jvm/java-17-openjdk-17.0.7.0.7-5.fc38.x86_64/bin/java --add-modules=ALL-SYSTEM --add-opens java.base/java.util=ALL-UNNAMED --add-opens java.base/java.lang=ALL-UNNAMED --add-opens java.base/sun.nio.fs=ALL-UNNAMED -Declipse.application=org.eclipse.jdt.ls.core.id1 -Dosgi.bundles.defaultStartLevel=4 -Declipse.product=org.eclipse.jdt.ls.core.product -Djava.import.generatesMetadataFilesAtProjectRoot=false -Dfile.encoding=UTF-8 -XX:+UseParallelGC -XX:GCTimeRatio=4 -XX:AdaptiveSizePolicyWeight=90 -Dsun.zip.disableMemoryMapping=true -Xmx1G -Xms100m -Xlog:disable -XX:+HeapDumpOnOutOfMemoryError -XX:HeapDumpPath=/home/so/.config/coc/extensions/coc-java-data -jar /home/so/.config/coc/extensions/node_modules/coc-java/server/plugins/org.eclipse.equinox.launcher_1.6.400.v20210924-0641.jar -configuration /home/so/.config/coc/extensions/coc-java-data/1.14.1/config_linux -data /home/so/.config/coc/extensions/coc-java-data/jdt_ws
2023-06-24T11:27:24.785 INFO (pid:252119) - WARNING: Using incubator modules: jdk.incubator.vector, jdk.incubator.foreign

2023-06-24T11:27:28.831 INFO (pid:252119) - [Error - 11:27:28.831] Jun 24, 2023, 11:27:28 AM Error occured while building workspace. Details: 
 message: The public type HelloWorldAnonymousClasses must be defined in its own file; code: 16777541; resource: /home/so/code/java/1.java; line: 1
 message: The public type DataStructure must be defined in its own file; code: 16777541; resource: /home/so/code/java/11.java; line: 1
 message: Type mismatch: cannot convert from DataStructure.EvenIterator to DataStructure.DataStructureIterator; code: 16777233; resource: /home/so/code/java/11.java; line: 17
 message: Syntax error, insert ";" to complete Statement; code: 1610612976; resource: /home/so/code/java/11.java; line: 56
 message: The public type LocalClassExample must be defined in its own file; code: 16777541; resource: /home/so/code/java/2.java; line: 1
 message: The public type A3 must be defined in its own file; code: 16777541; resource: /home/so/code/java/3.java; line: 1
 message: The public type TrigonometricDemo must be defined in its own file; code: 16777541; resource: /home/so/code/java/A2.java; line: 1
 message: The method setS(capture#1-of ?) in the type First<capture#1-of ?> is not applicable for the arguments (int); code: 67108979; resource: /home/so/code/java/A3.java; line: 22
 message: The public type Node must be defined in its own file; code: 16777541; resource: /home/so/code/java/first.java; line: 1
 message: The public type MyNode must be defined in its own file; code: 16777541; resource: /home/so/code/java/first.java; line: 13
 message: The public type Util must be defined in its own file; code: 16777541; resource: /home/so/code/java/first.java; line: 22
 message: List cannot be resolved to a type; code: 16777218; resource: /home/so/code/java/first.java; line: 28
 message: ArrayList cannot be resolved to a type; code: 16777218; resource: /home/so/code/java/first.java; line: 28
 message: List cannot be resolved to a type; code: 16777218; resource: /home/so/code/java/first.java; line: 29
 message: ArrayList cannot be resolved to a type; code: 16777218; resource: /home/so/code/java/first.java; line: 29
 message: ArrayBuilder cannot be resolved; code: 570425394; resource: /home/so/code/java/first.java; line: 31
 message: ArrayBuilder cannot be resolved; code: 570425394; resource: /home/so/code/java/first.java; line: 32
 message: List cannot be resolved to a type; code: 16777218; resource: /home/so/code/java/first.java; line: 33
 message: List cannot be resolved to a type; code: 16777218; resource: /home/so/code/java/first.java; line: 33
 message: ArrayList cannot be resolved to a type; code: 16777218; resource: /home/so/code/java/first.java; line: 34
 message: List cannot be resolved to a type; code: 16777218; resource: /home/so/code/java/first.java; line: 34
 message: ArrayBuilder cannot be resolved; code: 570425394; resource: /home/so/code/java/first.java; line: 35
 message: ArrayBuilder cannot be resolved; code: 570425394; resource: /home/so/code/java/first.java; line: 38
 message: Arrays cannot be resolved; code: 570425394; resource: /home/so/code/java/first.java; line: 38
 message: Arrays cannot be resolved; code: 570425394; resource: /home/so/code/java/first.java; line: 38
 message: Syntax error, insert ";" to complete Statement; code: 1610612976; resource: /home/so/code/java/hello.java; line: 11
 message: Syntax error, insert "}" to complete Block; code: 1610612976; resource: /home/so/code/java/hello.java; line: 11
 message: Syntax error on tokens, delete these tokens; code: 1610612969; resource: /home/so/code/java/hello.java; line: 13
 message: Syntax error on token "String", record expected; code: 1610612940; resource: /home/so/code/java/hello.java; line: 2
 message: Syntax error on token ";", delete this token; code: 1610612968; resource: /home/so/code/java/hello.java; line: 8
 message: Syntax error, insert "AssignmentOperator Expression" to complete Assignment; code: 1610612976; resource: /home/so/code/java/hello.java; line: 11
 message: day cannot be resolved to a variable; code: 33554515; resource: /home/so/code/java/instance.java; line: 5
 message: A switch expression should have a default case; code: 1073743531; resource: /home/so/code/java/instance.java; line: 5
 message: MON cannot be resolved to a variable; code: 33554515; resource: /home/so/code/java/instance.java; line: 7
 message: SAT cannot be resolved to a variable; code: 33554515; resource: /home/so/code/java/instance.java; line: 12
2023-06-24T11:27:28.999 INFO (pid:252119) - [Error - 11:27:28.999] Jun 24, 2023, 11:27:28 AM Failed to publish diagnostics for file:///home/so/code/java/3.java
'3' is not a valid Java identifier
Java Model Exception: Error in Java Model (code -1): '3' is not a valid Java identifier
	at org.eclipse.jdt.internal.core.JavaElement.newJavaModelException(JavaElement.java:586)
	at org.eclipse.jdt.internal.core.Openable.generateInfos(Openable.java:254)
	at org.eclipse.jdt.internal.core.JavaElement.openWhenClosed(JavaElement.java:597)
	at org.eclipse.jdt.internal.core.JavaElement.getElementInfo(JavaElement.java:328)
	at org.eclipse.jdt.internal.core.JavaElement.getElementInfo(JavaElement.java:314)
	at org.eclipse.jdt.internal.core.Openable.getBuffer(Openable.java:296)
	at org.eclipse.jdt.ls.core.internal.handlers.WorkspaceDiagnosticsHandler.publishDiagnostics(WorkspaceDiagnosticsHandler.java:314)
	at org.eclipse.jdt.ls.core.internal.handlers.WorkspaceDiagnosticsHandler.publishDiagnostics(WorkspaceDiagnosticsHandler.java:239)
	at org.eclipse.jdt.ls.core.internal.handlers.JDTLanguageServer$2.run(JDTLanguageServer.java:272)
	at org.eclipse.core.internal.jobs.Worker.run(Worker.java:63)

2023-06-24T11:27:29.055 INFO (pid:252119) - [Error - 11:27:29.055] Jun 24, 2023, 11:27:29 AM Failed to publish diagnostics for file:///home/so/code/java/11.java
'11' is not a valid Java identifier
Java Model Exception: Error in Java Model (code -1): '11' is not a valid Java identifier
	at org.eclipse.jdt.internal.core.JavaElement.newJavaModelException(JavaElement.java:586)
	at org.eclipse.jdt.internal.core.Openable.generateInfos(Openable.java:254)
	at org.eclipse.jdt.internal.core.JavaElement.openWhenClosed(JavaElement.java:597)
	at org.eclipse.jdt.internal.core.JavaElement.getElementInfo(JavaElement.java:328)
	at org.eclipse.jdt.internal.core.JavaElement.getElementInfo(JavaElement.java:314)
	at org.eclipse.jdt.internal.core.Openable.getBuffer(Openable.java:296)
	at org.eclipse.jdt.ls.core.internal.handlers.WorkspaceDiagnosticsHandler.publishDiagnostics(WorkspaceDiagnosticsHandler.java:314)
	at org.eclipse.jdt.ls.core.internal.handlers.WorkspaceDiagnosticsHandler.publishDiagnostics(WorkspaceDiagnosticsHandler.java:239)
	at org.eclipse.jdt.ls.core.internal.handlers.JDTLanguageServer$2.run(JDTLanguageServer.java:272)
	at org.eclipse.core.internal.jobs.Worker.run(Worker.java:63)

2023-06-24T11:27:29.064 INFO (pid:252119) - [Error - 11:27:29.063] Jun 24, 2023, 11:27:29 AM Failed to publish diagnostics for file:///home/so/code/java/2.java
'2' is not a valid Java identifier
Java Model Exception: Error in Java Model (code -1): '2' is not a valid Java identifier
	at org.eclipse.jdt.internal.core.JavaElement.newJavaModelException(JavaElement.java:586)
	at org.eclipse.jdt.internal.core.Openable.generateInfos(Openable.java:254)
	at org.eclipse.jdt.internal.core.JavaElement.openWhenClosed(JavaElement.java:597)
	at org.eclipse.jdt.internal.core.JavaElement.getElementInfo(JavaElement.java:328)
	at org.eclipse.jdt.internal.core.JavaElement.getElementInfo(JavaElement.java:314)
	at org.eclipse.jdt.internal.core.Openable.getBuffer(Openable.java:296)
	at org.eclipse.jdt.ls.core.internal.handlers.WorkspaceDiagnosticsHandler.publishDiagnostics(WorkspaceDiagnosticsHandler.java:314)
	at org.eclipse.jdt.ls.core.internal.handlers.WorkspaceDiagnosticsHandler.publishDiagnostics(WorkspaceDiagnosticsHandler.java:239)
	at org.eclipse.jdt.ls.core.internal.handlers.JDTLanguageServer$2.run(JDTLanguageServer.java:272)
	at org.eclipse.core.internal.jobs.Worker.run(Worker.java:63)

2023-06-24T11:27:29.073 INFO (pid:252119) - [Error - 11:27:29.073] Jun 24, 2023, 11:27:29 AM Failed to publish diagnostics for file:///home/so/code/java/1.java
'1' is not a valid Java identifier
Java Model Exception: Error in Java Model (code -1): '1' is not a valid Java identifier
	at org.eclipse.jdt.internal.core.JavaElement.newJavaModelException(JavaElement.java:586)
	at org.eclipse.jdt.internal.core.Openable.generateInfos(Openable.java:254)
	at org.eclipse.jdt.internal.core.JavaElement.openWhenClosed(JavaElement.java:597)
	at org.eclipse.jdt.internal.core.JavaElement.getElementInfo(JavaElement.java:328)
	at org.eclipse.jdt.internal.core.JavaElement.getElementInfo(JavaElement.java:314)
	at org.eclipse.jdt.internal.core.Openable.getBuffer(Openable.java:296)
	at org.eclipse.jdt.ls.core.internal.handlers.WorkspaceDiagnosticsHandler.publishDiagnostics(WorkspaceDiagnosticsHandler.java:314)
	at org.eclipse.jdt.ls.core.internal.handlers.WorkspaceDiagnosticsHandler.publishDiagnostics(WorkspaceDiagnosticsHandler.java:239)
	at org.eclipse.jdt.ls.core.internal.handlers.JDTLanguageServer$2.run(JDTLanguageServer.java:272)
	at org.eclipse.core.internal.jobs.Worker.run(Worker.java:63)

2023-06-24T11:27:43.308 WARN (pid:252369) - Could not find lombok.jar path.
2023-06-24T11:27:43.324 INFO (pid:252369) - Starting Java server with: /usr/lib/jvm/java-17-openjdk-17.0.7.0.7-5.fc38.x86_64/bin/java --add-modules=ALL-SYSTEM --add-opens java.base/java.util=ALL-UNNAMED --add-opens java.base/java.lang=ALL-UNNAMED --add-opens java.base/sun.nio.fs=ALL-UNNAMED -Declipse.application=org.eclipse.jdt.ls.core.id1 -Dosgi.bundles.defaultStartLevel=4 -Declipse.product=org.eclipse.jdt.ls.core.product -Djava.import.generatesMetadataFilesAtProjectRoot=false -Dfile.encoding=UTF-8 -XX:+UseParallelGC -XX:GCTimeRatio=4 -XX:AdaptiveSizePolicyWeight=90 -Dsun.zip.disableMemoryMapping=true -Xmx1G -Xms100m -Xlog:disable -XX:+HeapDumpOnOutOfMemoryError -XX:HeapDumpPath=/home/so/.config/coc/extensions/coc-java-data -jar /home/so/.config/coc/extensions/node_modules/coc-java/server/plugins/org.eclipse.equinox.launcher_1.6.400.v20210924-0641.jar -configuration /home/so/.config/coc/extensions/coc-java-data/1.14.1/config_linux -data /home/so/.config/coc/extensions/coc-java-data/jdt_ws
2023-06-24T11:27:43.377 INFO (pid:252369) - WARNING: Using incubator modules: jdk.incubator.foreign, jdk.incubator.vector

2023-06-24T11:27:46.496 INFO (pid:252369) - [Error - 11:27:46.496] Jun 24, 2023, 11:27:46 AM Error occured while building workspace. Details: 
 message: The public type HelloWorldAnonymousClasses must be defined in its own file; code: 16777541; resource: /home/so/code/java/1.java; line: 1
 message: The public type DataStructure must be defined in its own file; code: 16777541; resource: /home/so/code/java/11.java; line: 1
 message: Type mismatch: cannot convert from DataStructure.EvenIterator to DataStructure.DataStructureIterator; code: 16777233; resource: /home/so/code/java/11.java; line: 17
 message: Syntax error, insert ";" to complete Statement; code: 1610612976; resource: /home/so/code/java/11.java; line: 56
 message: The public type LocalClassExample must be defined in its own file; code: 16777541; resource: /home/so/code/java/2.java; line: 1
 message: The public type A3 must be defined in its own file; code: 16777541; resource: /home/so/code/java/3.java; line: 1
 message: The public type TrigonometricDemo must be defined in its own file; code: 16777541; resource: /home/so/code/java/A2.java; line: 1
 message: The method setS(capture#1-of ?) in the type First<capture#1-of ?> is not applicable for the arguments (int); code: 67108979; resource: /home/so/code/java/A3.java; line: 22
 message: The public type Node must be defined in its own file; code: 16777541; resource: /home/so/code/java/first.java; line: 1
 message: The public type MyNode must be defined in its own file; code: 16777541; resource: /home/so/code/java/first.java; line: 13
 message: The public type Util must be defined in its own file; code: 16777541; resource: /home/so/code/java/first.java; line: 22
 message: List cannot be resolved to a type; code: 16777218; resource: /home/so/code/java/first.java; line: 28
 message: ArrayList cannot be resolved to a type; code: 16777218; resource: /home/so/code/java/first.java; line: 28
 message: List cannot be resolved to a type; code: 16777218; resource: /home/so/code/java/first.java; line: 29
 message: ArrayList cannot be resolved to a type; code: 16777218; resource: /home/so/code/java/first.java; line: 29
 message: ArrayBuilder cannot be resolved; code: 570425394; resource: /home/so/code/java/first.java; line: 31
 message: ArrayBuilder cannot be resolved; code: 570425394; resource: /home/so/code/java/first.java; line: 32
 message: List cannot be resolved to a type; code: 16777218; resource: /home/so/code/java/first.java; line: 33
 message: List cannot be resolved to a type; code: 16777218; resource: /home/so/code/java/first.java; line: 33
 message: ArrayList cannot be resolved to a type; code: 16777218; resource: /home/so/code/java/first.java; line: 34
 message: List cannot be resolved to a type; code: 16777218; resource: /home/so/code/java/first.java; line: 34
 message: ArrayBuilder cannot be resolved; code: 570425394; resource: /home/so/code/java/first.java; line: 35
 message: ArrayBuilder cannot be resolved; code: 570425394; resource: /home/so/code/java/first.java; line: 38
 message: Arrays cannot be resolved; code: 570425394; resource: /home/so/code/java/first.java; line: 38
 message: Arrays cannot be resolved; code: 570425394; resource: /home/so/code/java/first.java; line: 38
 message: Syntax error, insert ";" to complete Statement; code: 1610612976; resource: /home/so/code/java/hello.java; line: 11
 message: Syntax error, insert "}" to complete Block; code: 1610612976; resource: /home/so/code/java/hello.java; line: 11
 message: Syntax error on tokens, delete these tokens; code: 1610612969; resource: /home/so/code/java/hello.java; line: 13
 message: Syntax error on token "String", record expected; code: 1610612940; resource: /home/so/code/java/hello.java; line: 2
 message: Syntax error on token ";", delete this token; code: 1610612968; resource: /home/so/code/java/hello.java; line: 8
 message: Syntax error, insert "AssignmentOperator Expression" to complete Assignment; code: 1610612976; resource: /home/so/code/java/hello.java; line: 11
 message: day cannot be resolved to a variable; code: 33554515; resource: /home/so/code/java/instance.java; line: 5
 message: A switch expression should have a default case; code: 1073743531; resource: /home/so/code/java/instance.java; line: 5
 message: MON cannot be resolved to a variable; code: 33554515; resource: /home/so/code/java/instance.java; line: 7
 message: SAT cannot be resolved to a variable; code: 33554515; resource: /home/so/code/java/instance.java; line: 12
2023-06-24T11:27:46.774 INFO (pid:252369) - [Error - 11:27:46.774] Jun 24, 2023, 11:27:46 AM Failed to publish diagnostics for file:///home/so/code/java/3.java
'3' is not a valid Java identifier
Java Model Exception: Error in Java Model (code -1): '3' is not a valid Java identifier
	at org.eclipse.jdt.internal.core.JavaElement.newJavaModelException(JavaElement.java:586)
	at org.eclipse.jdt.internal.core.Openable.generateInfos(Openable.java:254)
	at org.eclipse.jdt.internal.core.JavaElement.openWhenClosed(JavaElement.java:597)
	at org.eclipse.jdt.internal.core.JavaElement.getElementInfo(JavaElement.java:328)
	at org.eclipse.jdt.internal.core.JavaElement.getElementInfo(JavaElement.java:314)
	at org.eclipse.jdt.internal.core.Openable.getBuffer(Openable.java:296)
	at org.eclipse.jdt.ls.core.internal.handlers.WorkspaceDiagnosticsHandler.publishDiagnostics(WorkspaceDiagnosticsHandler.java:314)
	at org.eclipse.jdt.ls.core.internal.handlers.WorkspaceDiagnosticsHandler.publishDiagnostics(WorkspaceDiagnosticsHandler.java:239)
	at org.eclipse.jdt.ls.core.internal.handlers.JDTLanguageServer$2.run(JDTLanguageServer.java:272)
	at org.eclipse.core.internal.jobs.Worker.run(Worker.java:63)

2023-06-24T11:27:46.784 INFO (pid:252369) - [Error - 11:27:46.784] Jun 24, 2023, 11:27:46 AM Failed to publish diagnostics for file:///home/so/code/java/11.java
'11' is not a valid Java identifier
Java Model Exception: Error in Java Model (code -1): '11' is not a valid Java identifier
	at org.eclipse.jdt.internal.core.JavaElement.newJavaModelException(JavaElement.java:586)
	at org.eclipse.jdt.internal.core.Openable.generateInfos(Openable.java:254)
	at org.eclipse.jdt.internal.core.JavaElement.openWhenClosed(JavaElement.java:597)
	at org.eclipse.jdt.internal.core.JavaElement.getElementInfo(JavaElement.java:328)
	at org.eclipse.jdt.internal.core.JavaElement.getElementInfo(JavaElement.java:314)
	at org.eclipse.jdt.internal.core.Openable.getBuffer(Openable.java:296)
	at org.eclipse.jdt.ls.core.internal.handlers.WorkspaceDiagnosticsHandler.publishDiagnostics(WorkspaceDiagnosticsHandler.java:314)
	at org.eclipse.jdt.ls.core.internal.handlers.WorkspaceDiagnosticsHandler.publishDiagnostics(WorkspaceDiagnosticsHandler.java:239)
	at org.eclipse.jdt.ls.core.internal.handlers.JDTLanguageServer$2.run(JDTLanguageServer.java:272)
	at org.eclipse.core.internal.jobs.Worker.run(Worker.java:63)

2023-06-24T11:27:46.793 INFO (pid:252369) - [Error - 11:27:46.793] Jun 24, 2023, 11:27:46 AM Failed to publish diagnostics for file:///home/so/code/java/2.java
'2' is not a valid Java identifier
Java Model Exception: Error in Java Model (code -1): '2' is not a valid Java identifier
	at org.eclipse.jdt.internal.core.JavaElement.newJavaModelException(JavaElement.java:586)
	at org.eclipse.jdt.internal.core.Openable.generateInfos(Openable.java:254)
	at org.eclipse.jdt.internal.core.JavaElement.openWhenClosed(JavaElement.java:597)
	at org.eclipse.jdt.internal.core.JavaElement.getElementInfo(JavaElement.java:328)
	at org.eclipse.jdt.internal.core.JavaElement.getElementInfo(JavaElement.java:314)
	at org.eclipse.jdt.internal.core.Openable.getBuffer(Openable.java:296)
	at org.eclipse.jdt.ls.core.internal.handlers.WorkspaceDiagnosticsHandler.publishDiagnostics(WorkspaceDiagnosticsHandler.java:314)
	at org.eclipse.jdt.ls.core.internal.handlers.WorkspaceDiagnosticsHandler.publishDiagnostics(WorkspaceDiagnosticsHandler.java:239)
	at org.eclipse.jdt.ls.core.internal.handlers.JDTLanguageServer$2.run(JDTLanguageServer.java:272)
	at org.eclipse.core.internal.jobs.Worker.run(Worker.java:63)

2023-06-24T11:27:46.801 INFO (pid:252369) - [Error - 11:27:46.801] Jun 24, 2023, 11:27:46 AM Failed to publish diagnostics for file:///home/so/code/java/1.java
'1' is not a valid Java identifier
Java Model Exception: Error in Java Model (code -1): '1' is not a valid Java identifier
	at org.eclipse.jdt.internal.core.JavaElement.newJavaModelException(JavaElement.java:586)
	at org.eclipse.jdt.internal.core.Openable.generateInfos(Openable.java:254)
	at org.eclipse.jdt.internal.core.JavaElement.openWhenClosed(JavaElement.java:597)
	at org.eclipse.jdt.internal.core.JavaElement.getElementInfo(JavaElement.java:328)
	at org.eclipse.jdt.internal.core.JavaElement.getElementInfo(JavaElement.java:314)
	at org.eclipse.jdt.internal.core.Openable.getBuffer(Openable.java:296)
	at org.eclipse.jdt.ls.core.internal.handlers.WorkspaceDiagnosticsHandler.publishDiagnostics(WorkspaceDiagnosticsHandler.java:314)
	at org.eclipse.jdt.ls.core.internal.handlers.WorkspaceDiagnosticsHandler.publishDiagnostics(WorkspaceDiagnosticsHandler.java:239)
	at org.eclipse.jdt.ls.core.internal.handlers.JDTLanguageServer$2.run(JDTLanguageServer.java:272)
	at org.eclipse.core.internal.jobs.Worker.run(Worker.java:63)

2023-06-24T11:28:03.469 INFO (pid:252369) - [Error - 11:28:03.469] Sending request textDocument/inlayHint failed.
2023-06-24T11:28:03.469 INFO (pid:252369) -   Message: The request (id: 15, method: 'textDocument/inlayHint') has been cancelled
  Code: -32800 
2023-06-24T11:32:47.412 WARN (pid:252776) - Could not find lombok.jar path.
2023-06-24T11:32:47.428 INFO (pid:252776) - Starting Java server with: /usr/lib/jvm/java-17-openjdk-17.0.7.0.7-5.fc38.x86_64/bin/java --add-modules=ALL-SYSTEM --add-opens java.base/java.util=ALL-UNNAMED --add-opens java.base/java.lang=ALL-UNNAMED --add-opens java.base/sun.nio.fs=ALL-UNNAMED -Declipse.application=org.eclipse.jdt.ls.core.id1 -Dosgi.bundles.defaultStartLevel=4 -Declipse.product=org.eclipse.jdt.ls.core.product -Djava.import.generatesMetadataFilesAtProjectRoot=false -Dfile.encoding=UTF-8 -XX:+UseParallelGC -XX:GCTimeRatio=4 -XX:AdaptiveSizePolicyWeight=90 -Dsun.zip.disableMemoryMapping=true -Xmx1G -Xms100m -Xlog:disable -XX:+HeapDumpOnOutOfMemoryError -XX:HeapDumpPath=/home/so/.config/coc/extensions/coc-java-data -jar /home/so/.config/coc/extensions/node_modules/coc-java/server/plugins/org.eclipse.equinox.launcher_1.6.400.v20210924-0641.jar -configuration /home/so/.config/coc/extensions/coc-java-data/1.14.1/config_linux -data /home/so/.config/coc/extensions/coc-java-data/jdt_ws
2023-06-24T11:32:47.478 INFO (pid:252776) - WARNING: Using incubator modules: jdk.incubator.foreign, jdk.incubator.vector

2023-06-24T11:32:50.040 INFO (pid:252776) - [Error - 11:32:50.040] Jun 24, 2023, 11:32:50 AM Error occured while building workspace. Details: 
 message: The public type HelloWorldAnonymousClasses must be defined in its own file; code: 16777541; resource: /home/so/code/java/1.java; line: 1
 message: The public type DataStructure must be defined in its own file; code: 16777541; resource: /home/so/code/java/11.java; line: 1
 message: Type mismatch: cannot convert from DataStructure.EvenIterator to DataStructure.DataStructureIterator; code: 16777233; resource: /home/so/code/java/11.java; line: 17
 message: Syntax error, insert ";" to complete Statement; code: 1610612976; resource: /home/so/code/java/11.java; line: 56
 message: The public type LocalClassExample must be defined in its own file; code: 16777541; resource: /home/so/code/java/2.java; line: 1
 message: The public type A3 must be defined in its own file; code: 16777541; resource: /home/so/code/java/3.java; line: 1
 message: The public type TrigonometricDemo must be defined in its own file; code: 16777541; resource: /home/so/code/java/A2.java; line: 1
 message: The method setS(capture#1-of ?) in the type First<capture#1-of ?> is not applicable for the arguments (int); code: 67108979; resource: /home/so/code/java/A3.java; line: 22
 message: The public type Node must be defined in its own file; code: 16777541; resource: /home/so/code/java/first.java; line: 1
 message: The public type MyNode must be defined in its own file; code: 16777541; resource: /home/so/code/java/first.java; line: 13
 message: The public type Util must be defined in its own file; code: 16777541; resource: /home/so/code/java/first.java; line: 22
 message: List cannot be resolved to a type; code: 16777218; resource: /home/so/code/java/first.java; line: 28
 message: ArrayList cannot be resolved to a type; code: 16777218; resource: /home/so/code/java/first.java; line: 28
 message: List cannot be resolved to a type; code: 16777218; resource: /home/so/code/java/first.java; line: 29
 message: ArrayList cannot be resolved to a type; code: 16777218; resource: /home/so/code/java/first.java; line: 29
 message: ArrayBuilder cannot be resolved; code: 570425394; resource: /home/so/code/java/first.java; line: 31
 message: ArrayBuilder cannot be resolved; code: 570425394; resource: /home/so/code/java/first.java; line: 32
 message: List cannot be resolved to a type; code: 16777218; resource: /home/so/code/java/first.java; line: 33
 message: List cannot be resolved to a type; code: 16777218; resource: /home/so/code/java/first.java; line: 33
 message: ArrayList cannot be resolved to a type; code: 16777218; resource: /home/so/code/java/first.java; line: 34
 message: List cannot be resolved to a type; code: 16777218; resource: /home/so/code/java/first.java; line: 34
 message: ArrayBuilder cannot be resolved; code: 570425394; resource: /home/so/code/java/first.java; line: 35
 message: ArrayBuilder cannot be resolved; code: 570425394; resource: /home/so/code/java/first.java; line: 38
 message: Arrays cannot be resolved; code: 570425394; resource: /home/so/code/java/first.java; line: 38
 message: Arrays cannot be resolved; code: 570425394; resource: /home/so/code/java/first.java; line: 38
 message: Syntax error on token "String", record expected; code: 1610612940; resource: /home/so/code/java/hello.java; line: 2
 message: Syntax error on token ";", delete this token; code: 1610612968; resource: /home/so/code/java/hello.java; line: 8
 message: Syntax error, insert "AssignmentOperator Expression" to complete Assignment; code: 1610612976; resource: /home/so/code/java/hello.java; line: 11
 message: Syntax error, insert ";" to complete Statement; code: 1610612976; resource: /home/so/code/java/hello.java; line: 11
 message: Syntax error, insert "}" to complete Block; code: 1610612976; resource: /home/so/code/java/hello.java; line: 11
 message: Syntax error on tokens, delete these tokens; code: 1610612969; resource: /home/so/code/java/hello.java; line: 13
 message: day cannot be resolved to a variable; code: 33554515; resource: /home/so/code/java/instance.java; line: 5
 message: A switch expression should have a default case; code: 1073743531; resource: /home/so/code/java/instance.java; line: 5
 message: MON cannot be resolved to a variable; code: 33554515; resource: /home/so/code/java/instance.java; line: 7
 message: SAT cannot be resolved to a variable; code: 33554515; resource: /home/so/code/java/instance.java; line: 12
2023-06-24T11:32:50.370 INFO (pid:252776) - [Error - 11:32:50.370] Jun 24, 2023, 11:32:50 AM Failed to publish diagnostics for file:///home/so/code/java/3.java
'3' is not a valid Java identifier
Java Model Exception: Error in Java Model (code -1): '3' is not a valid Java identifier
	at org.eclipse.jdt.internal.core.JavaElement.newJavaModelException(JavaElement.java:586)
	at org.eclipse.jdt.internal.core.Openable.generateInfos(Openable.java:254)
	at org.eclipse.jdt.internal.core.JavaElement.openWhenClosed(JavaElement.java:597)
	at org.eclipse.jdt.internal.core.JavaElement.getElementInfo(JavaElement.java:328)
	at org.eclipse.jdt.internal.core.JavaElement.getElementInfo(JavaElement.java:314)
	at org.eclipse.jdt.internal.core.Openable.getBuffer(Openable.java:296)
	at org.eclipse.jdt.ls.core.internal.handlers.WorkspaceDiagnosticsHandler.publishDiagnostics(WorkspaceDiagnosticsHandler.java:314)
	at org.eclipse.jdt.ls.core.internal.handlers.WorkspaceDiagnosticsHandler.publishDiagnostics(WorkspaceDiagnosticsHandler.java:239)
	at org.eclipse.jdt.ls.core.internal.handlers.JDTLanguageServer$2.run(JDTLanguageServer.java:272)
	at org.eclipse.core.internal.jobs.Worker.run(Worker.java:63)

2023-06-24T11:32:50.379 INFO (pid:252776) - [Error - 11:32:50.379] Jun 24, 2023, 11:32:50 AM Failed to publish diagnostics for file:///home/so/code/java/11.java
'11' is not a valid Java identifier
Java Model Exception: Error in Java Model (code -1): '11' is not a valid Java identifier
	at org.eclipse.jdt.internal.core.JavaElement.newJavaModelException(JavaElement.java:586)
	at org.eclipse.jdt.internal.core.Openable.generateInfos(Openable.java:254)
	at org.eclipse.jdt.internal.core.JavaElement.openWhenClosed(JavaElement.java:597)
	at org.eclipse.jdt.internal.core.JavaElement.getElementInfo(JavaElement.java:328)
	at org.eclipse.jdt.internal.core.JavaElement.getElementInfo(JavaElement.java:314)
	at org.eclipse.jdt.internal.core.Openable.getBuffer(Openable.java:296)
	at org.eclipse.jdt.ls.core.internal.handlers.WorkspaceDiagnosticsHandler.publishDiagnostics(WorkspaceDiagnosticsHandler.java:314)
	at org.eclipse.jdt.ls.core.internal.handlers.WorkspaceDiagnosticsHandler.publishDiagnostics(WorkspaceDiagnosticsHandler.java:239)
	at org.eclipse.jdt.ls.core.internal.handlers.JDTLanguageServer$2.run(JDTLanguageServer.java:272)
	at org.eclipse.core.internal.jobs.Worker.run(Worker.java:63)

2023-06-24T11:32:50.390 INFO (pid:252776) - [Error - 11:32:50.389] Jun 24, 2023, 11:32:50 AM Failed to publish diagnostics for file:///home/so/code/java/2.java
'2' is not a valid Java identifier
Java Model Exception: Error in Java Model (code -1): '2' is not a valid Java identifier
	at org.eclipse.jdt.internal.core.JavaElement.newJavaModelException(JavaElement.java:586)
	at org.eclipse.jdt.internal.core.Openable.generateInfos(Openable.java:254)
	at org.eclipse.jdt.internal.core.JavaElement.openWhenClosed(JavaElement.java:597)
	at org.eclipse.jdt.internal.core.JavaElement.getElementInfo(JavaElement.java:328)
	at org.eclipse.jdt.internal.core.JavaElement.getElementInfo(JavaElement.java:314)
	at org.eclipse.jdt.internal.core.Openable.getBuffer(Openable.java:296)
	at org.eclipse.jdt.ls.core.internal.handlers.WorkspaceDiagnosticsHandler.publishDiagnostics(WorkspaceDiagnosticsHandler.java:314)
	at org.eclipse.jdt.ls.core.internal.handlers.WorkspaceDiagnosticsHandler.publishDiagnostics(WorkspaceDiagnosticsHandler.java:239)
	at org.eclipse.jdt.ls.core.internal.handlers.JDTLanguageServer$2.run(JDTLanguageServer.java:272)
	at org.eclipse.core.internal.jobs.Worker.run(Worker.java:63)

2023-06-24T11:32:50.404 INFO (pid:252776) - [Error - 11:32:50.404] Jun 24, 2023, 11:32:50 AM Failed to publish diagnostics for file:///home/so/code/java/1.java
'1' is not a valid Java identifier
Java Model Exception: Error in Java Model (code -1): '1' is not a valid Java identifier
	at org.eclipse.jdt.internal.core.JavaElement.newJavaModelException(JavaElement.java:586)
	at org.eclipse.jdt.internal.core.Openable.generateInfos(Openable.java:254)
	at org.eclipse.jdt.internal.core.JavaElement.openWhenClosed(JavaElement.java:597)
	at org.eclipse.jdt.internal.core.JavaElement.getElementInfo(JavaElement.java:328)
	at org.eclipse.jdt.internal.core.JavaElement.getElementInfo(JavaElement.java:314)
	at org.eclipse.jdt.internal.core.Openable.getBuffer(Openable.java:296)
	at org.eclipse.jdt.ls.core.internal.handlers.WorkspaceDiagnosticsHandler.publishDiagnostics(WorkspaceDiagnosticsHandler.java:314)
	at org.eclipse.jdt.ls.core.internal.handlers.WorkspaceDiagnosticsHandler.publishDiagnostics(WorkspaceDiagnosticsHandler.java:239)
	at org.eclipse.jdt.ls.core.internal.handlers.JDTLanguageServer$2.run(JDTLanguageServer.java:272)
	at org.eclipse.core.internal.jobs.Worker.run(Worker.java:63)

2023-06-24T11:33:04.309 WARN (pid:252868) - Could not find lombok.jar path.
2023-06-24T11:33:04.325 INFO (pid:252868) - Starting Java server with: /usr/lib/jvm/java-17-openjdk-17.0.7.0.7-5.fc38.x86_64/bin/java --add-modules=ALL-SYSTEM --add-opens java.base/java.util=ALL-UNNAMED --add-opens java.base/java.lang=ALL-UNNAMED --add-opens java.base/sun.nio.fs=ALL-UNNAMED -Declipse.application=org.eclipse.jdt.ls.core.id1 -Dosgi.bundles.defaultStartLevel=4 -Declipse.product=org.eclipse.jdt.ls.core.product -Djava.import.generatesMetadataFilesAtProjectRoot=false -Dfile.encoding=UTF-8 -XX:+UseParallelGC -XX:GCTimeRatio=4 -XX:AdaptiveSizePolicyWeight=90 -Dsun.zip.disableMemoryMapping=true -Xmx1G -Xms100m -Xlog:disable -XX:+HeapDumpOnOutOfMemoryError -XX:HeapDumpPath=/home/so/.config/coc/extensions/coc-java-data -jar /home/so/.config/coc/extensions/node_modules/coc-java/server/plugins/org.eclipse.equinox.launcher_1.6.400.v20210924-0641.jar -configuration /home/so/.config/coc/extensions/coc-java-data/1.14.1/config_linux -data /home/so/.config/coc/extensions/coc-java-data/jdt_ws
2023-06-24T11:33:04.376 INFO (pid:252868) - WARNING: Using incubator modules: jdk.incubator.vector, jdk.incubator.foreign

2023-06-24T11:33:07.355 INFO (pid:252868) - [Error - 11:33:07.355] Jun 24, 2023, 11:33:07 AM Error occured while building workspace. Details: 
 message: The public type HelloWorldAnonymousClasses must be defined in its own file; code: 16777541; resource: /home/so/code/java/1.java; line: 1
 message: Syntax error, insert ";" to complete Statement; code: 1610612976; resource: /home/so/code/java/11.java; line: 56
 message: The public type DataStructure must be defined in its own file; code: 16777541; resource: /home/so/code/java/11.java; line: 1
 message: Type mismatch: cannot convert from DataStructure.EvenIterator to DataStructure.DataStructureIterator; code: 16777233; resource: /home/so/code/java/11.java; line: 17
 message: The public type LocalClassExample must be defined in its own file; code: 16777541; resource: /home/so/code/java/2.java; line: 1
 message: The public type A3 must be defined in its own file; code: 16777541; resource: /home/so/code/java/3.java; line: 1
 message: The public type TrigonometricDemo must be defined in its own file; code: 16777541; resource: /home/so/code/java/A2.java; line: 1
 message: The method setS(capture#1-of ?) in the type First<capture#1-of ?> is not applicable for the arguments (int); code: 67108979; resource: /home/so/code/java/A3.java; line: 22
 message: The public type Node must be defined in its own file; code: 16777541; resource: /home/so/code/java/first.java; line: 1
 message: The public type MyNode must be defined in its own file; code: 16777541; resource: /home/so/code/java/first.java; line: 13
 message: The public type Util must be defined in its own file; code: 16777541; resource: /home/so/code/java/first.java; line: 22
 message: List cannot be resolved to a type; code: 16777218; resource: /home/so/code/java/first.java; line: 28
 message: ArrayList cannot be resolved to a type; code: 16777218; resource: /home/so/code/java/first.java; line: 28
 message: List cannot be resolved to a type; code: 16777218; resource: /home/so/code/java/first.java; line: 29
 message: ArrayList cannot be resolved to a type; code: 16777218; resource: /home/so/code/java/first.java; line: 29
 message: ArrayBuilder cannot be resolved; code: 570425394; resource: /home/so/code/java/first.java; line: 31
 message: ArrayBuilder cannot be resolved; code: 570425394; resource: /home/so/code/java/first.java; line: 32
 message: List cannot be resolved to a type; code: 16777218; resource: /home/so/code/java/first.java; line: 33
 message: List cannot be resolved to a type; code: 16777218; resource: /home/so/code/java/first.java; line: 33
 message: ArrayList cannot be resolved to a type; code: 16777218; resource: /home/so/code/java/first.java; line: 34
 message: List cannot be resolved to a type; code: 16777218; resource: /home/so/code/java/first.java; line: 34
 message: ArrayBuilder cannot be resolved; code: 570425394; resource: /home/so/code/java/first.java; line: 35
 message: ArrayBuilder cannot be resolved; code: 570425394; resource: /home/so/code/java/first.java; line: 38
 message: Arrays cannot be resolved; code: 570425394; resource: /home/so/code/java/first.java; line: 38
 message: Arrays cannot be resolved; code: 570425394; resource: /home/so/code/java/first.java; line: 38
 message: Syntax error on token "String", record expected; code: 1610612940; resource: /home/so/code/java/hello.java; line: 2
 message: Syntax error on token ";", delete this token; code: 1610612968; resource: /home/so/code/java/hello.java; line: 8
 message: Syntax error, insert "AssignmentOperator Expression" to complete Assignment; code: 1610612976; resource: /home/so/code/java/hello.java; line: 11
 message: Syntax error, insert ";" to complete Statement; code: 1610612976; resource: /home/so/code/java/hello.java; line: 11
 message: Syntax error, insert "}" to complete Block; code: 1610612976; resource: /home/so/code/java/hello.java; line: 11
 message: Syntax error on tokens, delete these tokens; code: 1610612969; resource: /home/so/code/java/hello.java; line: 13
 message: day cannot be resolved to a variable; code: 33554515; resource: /home/so/code/java/instance.java; line: 5
 message: A switch expression should have a default case; code: 1073743531; resource: /home/so/code/java/instance.java; line: 5
 message: MON cannot be resolved to a variable; code: 33554515; resource: /home/so/code/java/instance.java; line: 7
 message: SAT cannot be resolved to a variable; code: 33554515; resource: /home/so/code/java/instance.java; line: 12
2023-06-24T11:33:07.495 INFO (pid:252868) - [Error - 11:33:07.495] Sending request textDocument/inlayHint failed.
2023-06-24T11:33:07.495 INFO (pid:252868) -   Message: The request (id: 1, method: 'textDocument/inlayHint') has been cancelled
  Code: -32800 
2023-06-24T11:33:07.497 INFO (pid:252868) - [Error - 11:33:07.497] Sending request textDocument/inlayHint failed.
2023-06-24T11:33:07.497 INFO (pid:252868) -   Message: The request (id: 2, method: 'textDocument/inlayHint') has been cancelled
  Code: -32800 
2023-06-24T11:33:07.497 INFO (pid:252868) - [Error - 11:33:07.497] Sending request textDocument/inlayHint failed.
2023-06-24T11:33:07.498 INFO (pid:252868) -   Message: The request (id: 3, method: 'textDocument/inlayHint') has been cancelled
  Code: -32800 
2023-06-24T11:33:07.604 INFO (pid:252868) - [Error - 11:33:07.603] Jun 24, 2023, 11:33:07 AM Failed to publish diagnostics for file:///home/so/code/java/3.java
'3' is not a valid Java identifier
Java Model Exception: Error in Java Model (code -1): '3' is not a valid Java identifier
	at org.eclipse.jdt.internal.core.JavaElement.newJavaModelException(JavaElement.java:586)
	at org.eclipse.jdt.internal.core.Openable.generateInfos(Openable.java:254)
	at org.eclipse.jdt.internal.core.JavaElement.openWhenClosed(JavaElement.java:597)
	at org.eclipse.jdt.internal.core.JavaElement.getElementInfo(JavaElement.java:328)
	at org.eclipse.jdt.internal.core.JavaElement.getElementInfo(JavaElement.java:314)
	at org.eclipse.jdt.internal.core.Openable.getBuffer(Openable.java:296)
	at org.eclipse.jdt.ls.core.internal.handlers.WorkspaceDiagnosticsHandler.publishDiagnostics(WorkspaceDiagnosticsHandler.java:314)
	at org.eclipse.jdt.ls.core.internal.handlers.WorkspaceDiagnosticsHandler.publishDiagnostics(WorkspaceDiagnosticsHandler.java:239)
	at org.eclipse.jdt.ls.core.internal.handlers.JDTLanguageServer$2.run(JDTLanguageServer.java:272)
	at org.eclipse.core.internal.jobs.Worker.run(Worker.java:63)

2023-06-24T11:33:07.613 INFO (pid:252868) - [Error - 11:33:07.613] Jun 24, 2023, 11:33:07 AM Failed to publish diagnostics for file:///home/so/code/java/11.java
'11' is not a valid Java identifier
Java Model Exception: Error in Java Model (code -1): '11' is not a valid Java identifier
	at org.eclipse.jdt.internal.core.JavaElement.newJavaModelException(JavaElement.java:586)
	at org.eclipse.jdt.internal.core.Openable.generateInfos(Openable.java:254)
	at org.eclipse.jdt.internal.core.JavaElement.openWhenClosed(JavaElement.java:597)
	at org.eclipse.jdt.internal.core.JavaElement.getElementInfo(JavaElement.java:328)
	at org.eclipse.jdt.internal.core.JavaElement.getElementInfo(JavaElement.java:314)
	at org.eclipse.jdt.internal.core.Openable.getBuffer(Openable.java:296)
	at org.eclipse.jdt.ls.core.internal.handlers.WorkspaceDiagnosticsHandler.publishDiagnostics(WorkspaceDiagnosticsHandler.java:314)
	at org.eclipse.jdt.ls.core.internal.handlers.WorkspaceDiagnosticsHandler.publishDiagnostics(WorkspaceDiagnosticsHandler.java:239)
	at org.eclipse.jdt.ls.core.internal.handlers.JDTLanguageServer$2.run(JDTLanguageServer.java:272)
	at org.eclipse.core.internal.jobs.Worker.run(Worker.java:63)

2023-06-24T11:33:07.622 INFO (pid:252868) - [Error - 11:33:07.622] Jun 24, 2023, 11:33:07 AM Failed to publish diagnostics for file:///home/so/code/java/2.java
'2' is not a valid Java identifier
Java Model Exception: Error in Java Model (code -1): '2' is not a valid Java identifier
	at org.eclipse.jdt.internal.core.JavaElement.newJavaModelException(JavaElement.java:586)
	at org.eclipse.jdt.internal.core.Openable.generateInfos(Openable.java:254)
	at org.eclipse.jdt.internal.core.JavaElement.openWhenClosed(JavaElement.java:597)
	at org.eclipse.jdt.internal.core.JavaElement.getElementInfo(JavaElement.java:328)
	at org.eclipse.jdt.internal.core.JavaElement.getElementInfo(JavaElement.java:314)
	at org.eclipse.jdt.internal.core.Openable.getBuffer(Openable.java:296)
	at org.eclipse.jdt.ls.core.internal.handlers.WorkspaceDiagnosticsHandler.publishDiagnostics(WorkspaceDiagnosticsHandler.java:314)
	at org.eclipse.jdt.ls.core.internal.handlers.WorkspaceDiagnosticsHandler.publishDiagnostics(WorkspaceDiagnosticsHandler.java:239)
	at org.eclipse.jdt.ls.core.internal.handlers.JDTLanguageServer$2.run(JDTLanguageServer.java:272)
	at org.eclipse.core.internal.jobs.Worker.run(Worker.java:63)

2023-06-24T11:33:07.631 INFO (pid:252868) - [Error - 11:33:07.631] Jun 24, 2023, 11:33:07 AM Failed to publish diagnostics for file:///home/so/code/java/1.java
'1' is not a valid Java identifier
Java Model Exception: Error in Java Model (code -1): '1' is not a valid Java identifier
	at org.eclipse.jdt.internal.core.JavaElement.newJavaModelException(JavaElement.java:586)
	at org.eclipse.jdt.internal.core.Openable.generateInfos(Openable.java:254)
	at org.eclipse.jdt.internal.core.JavaElement.openWhenClosed(JavaElement.java:597)
	at org.eclipse.jdt.internal.core.JavaElement.getElementInfo(JavaElement.java:328)
	at org.eclipse.jdt.internal.core.JavaElement.getElementInfo(JavaElement.java:314)
	at org.eclipse.jdt.internal.core.Openable.getBuffer(Openable.java:296)
	at org.eclipse.jdt.ls.core.internal.handlers.WorkspaceDiagnosticsHandler.publishDiagnostics(WorkspaceDiagnosticsHandler.java:314)
	at org.eclipse.jdt.ls.core.internal.handlers.WorkspaceDiagnosticsHandler.publishDiagnostics(WorkspaceDiagnosticsHandler.java:239)
	at org.eclipse.jdt.ls.core.internal.handlers.JDTLanguageServer$2.run(JDTLanguageServer.java:272)
	at org.eclipse.core.internal.jobs.Worker.run(Worker.java:63)

